<?xml version="1.0" encoding="UTF-8"?>
<!-- Generated by org.testng.reporters.JUnitReportReporter -->
<testsuite hostname="PE-HO-451" failures="0" tests="2" name="RunPruebas.RunSprint3" time="58.056" errors="0" timestamp="2023-02-12T01:41:31 COT" skipped="0">
  <testcase classname="RunPruebas.RunSprint3" name="CasoDePrueba628216" time="57.901"/>
  <system-out/>
  <testcase classname="RunPruebas.RunSprint3" name="CasoDePrueba628216" time="0.155"/>
  <system-out/>
</testsuite> <!-- RunPruebas.RunSprint3 -->
