<?xml version="1.0" encoding="UTF-8"?>
<!-- Generated by org.testng.reporters.JUnitReportReporter -->
<testsuite hostname="DESKTOP-R40U5B0" failures="0" tests="1" name="ClasesBase.ClaseBase" time="0.015" errors="0" timestamp="2022-09-27T10:48:51 COT" skipped="0">
  <testcase classname="ClasesBase.ClaseBase" name="f" time="0.015"/>
  <system-out/>
</testsuite> <!-- ClasesBase.ClaseBase -->
