<?xml version="1.0" encoding="UTF-8"?>
<!-- Generated by org.testng.reporters.JUnitReportReporter -->
<testsuite hostname="PE-HO-615" failures="0" tests="2" name="RunPruebas.Sprint4_7" time="44.680" errors="0" timestamp="2023-02-13T12:59:08 COT" skipped="0">
  <testcase classname="RunPruebas.Sprint4_7" name="CasoDePrueba626901" time="44.355"/>
  <system-out/>
  <testcase classname="RunPruebas.Sprint4_7" name="CasoDePrueba626901" time="0.325"/>
  <system-out/>
</testsuite> <!-- RunPruebas.Sprint4_7 -->
