<?xml version="1.0" encoding="UTF-8"?>
<!-- Generated by org.testng.reporters.JUnitReportReporter -->
<testsuite hostname="PE-HO-451" failures="0" tests="1" name="RunPruebas.RunSP3_HU11" time="77.787" errors="0" timestamp="2022-12-21T09:33:40 COT" skipped="0">
  <testcase classname="RunPruebas.RunSP3_HU11" name="SP3_HU11_CP07" time="77.787"/>
  <system-out/>
</testsuite> <!-- RunPruebas.RunSP3_HU11 -->
