<?xml version="1.0" encoding="UTF-8"?>
<!-- Generated by org.testng.reporters.JUnitReportReporter -->
<testsuite hostname="PE-HO-451" failures="0" tests="1" name="RunPruebas.Run" time="45.246" errors="0" timestamp="2022-12-12T08:50:02 COT" skipped="0">
  <testcase classname="RunPruebas.Run" name="CP63" time="45.246"/>
  <system-out/>
</testsuite> <!-- RunPruebas.Run -->
