<?xml version="1.0" encoding="UTF-8"?>
<!-- Generated by org.testng.reporters.JUnitReportReporter -->
<testsuite hostname="PE-HO-451" failures="0" tests="1" name="RunPruebas.RunSP3_HU03" time="52.420" errors="0" timestamp="2022-12-21T15:54:03 COT" skipped="0">
  <testcase classname="RunPruebas.RunSP3_HU03" name="SP3_HU03_CP05" time="52.420"/>
  <system-out/>
</testsuite> <!-- RunPruebas.RunSP3_HU03 -->
