<?xml version="1.0" encoding="UTF-8"?>
<!-- Generated by org.testng.reporters.JUnitReportReporter -->
<testsuite hostname="PE-HO-451" failures="0" tests="3" name="RunPruebas.RunSP3_HU05" time="177.668" errors="0" timestamp="2022-12-14T15:34:32 COT" skipped="0">
  <testcase classname="RunPruebas.RunSP3_HU05" name="CP02" time="53.064"/>
  <system-out/>
  <testcase classname="RunPruebas.RunSP3_HU05" name="CP04" time="41.195"/>
  <system-out/>
  <testcase classname="RunPruebas.RunSP3_HU05" name="CP05" time="83.409"/>
  <system-out/>
</testsuite> <!-- RunPruebas.RunSP3_HU05 -->
