<?xml version="1.0" encoding="UTF-8"?>
<!-- Generated by org.testng.reporters.JUnitReportReporter -->
<testsuite hostname="PE-HO-452" failures="0" tests="1" name="RunPruebas.RunPrincipal" time="77.730" errors="0" timestamp="2023-04-27T14:52:06 COT" skipped="0">
  <testcase classname="RunPruebas.RunPrincipal" name="CasoDePrueba677025" time="77.730"/>
  <system-out/>
</testsuite> <!-- RunPruebas.RunPrincipal -->
