<?xml version="1.0" encoding="UTF-8"?>
<!-- Generated by org.testng.reporters.JUnitReportReporter -->
<testsuite hostname="PE-HO-451" failures="0" tests="1" name="RunPruebas.RunSP3_HU13" time="92.357" errors="0" timestamp="2022-12-21T01:25:36 COT" skipped="0">
  <testcase classname="RunPruebas.RunSP3_HU13" name="SP3_HU13_CP01" time="92.357"/>
  <system-out/>
</testsuite> <!-- RunPruebas.RunSP3_HU13 -->
