<?xml version="1.0" encoding="UTF-8"?>
<!-- Generated by org.testng.reporters.JUnitReportReporter -->
<testsuite hostname="PE-HO-451" failures="0" tests="2" name="RunPruebas.RunSprint6" time="52.309" errors="0" timestamp="2023-02-15T09:00:59 COT" skipped="0">
  <testcase classname="RunPruebas.RunSprint6" name="CasoDePrueba626904" time="0.010"/>
  <system-out/>
  <testcase classname="RunPruebas.RunSprint6" name="CasoDePrueba626904" time="52.299"/>
  <system-out/>
</testsuite> <!-- RunPruebas.RunSprint6 -->
