<?xml version="1.0" encoding="UTF-8"?>
<!-- Generated by org.testng.reporters.JUnitReportReporter -->
<testsuite hostname="PE-HO-451" failures="0" tests="1" name="RunPruebas.RunSprint1" time="273.386" errors="0" timestamp="2023-02-13T09:41:18 COT" skipped="0">
  <testcase classname="RunPruebas.RunSprint1" name="CasoDePrueba635655" time="273.386"/>
  <system-out/>
</testsuite> <!-- RunPruebas.RunSprint1 -->
