<?xml version="1.0" encoding="UTF-8"?>
<!-- Generated by org.testng.reporters.JUnitReportReporter -->
<testsuite hostname="PE-HO-451" failures="0" tests="1" name="RunPruebas.RunPrueba" time="89.109" errors="0" timestamp="2022-11-21T12:22:12 COT" skipped="0">
  <testcase classname="RunPruebas.RunPrueba" name="cargaCasosAzure" time="89.109"/>
  <system-out/>
</testsuite> <!-- RunPruebas.RunPrueba -->
