<?xml version="1.0" encoding="UTF-8"?>
<!-- Generated by org.testng.reporters.JUnitReportReporter -->
<testsuite hostname="PE-HO-451" failures="0" tests="1" name="RunPruebas.RunSP3_HU07" time="64.969" errors="0" timestamp="2022-12-14T17:05:42 COT" skipped="0">
  <testcase classname="RunPruebas.RunSP3_HU07" name="SP3_HU07_CP02" time="64.969"/>
  <system-out/>
</testsuite> <!-- RunPruebas.RunSP3_HU07 -->
