<?xml version="1.0" encoding="UTF-8"?>
<!-- Generated by org.testng.reporters.JUnitReportReporter -->
<testsuite hostname="PE-HO-451" failures="0" tests="1" name="RunPruebas.RunSP3_HU09" time="50.797" errors="0" timestamp="2022-12-19T10:51:45 COT" skipped="0">
  <testcase classname="RunPruebas.RunSP3_HU09" name="SP3_HU09_CP35" time="50.797"/>
  <system-out/>
</testsuite> <!-- RunPruebas.RunSP3_HU09 -->
